<?xml version="1.0" encoding="UTF-8"?>
<testng-results ignored="0" total="1" passed="1" failed="0" skipped="0">
  <reporter-output>
    <line>
      <![CDATA[No of rows are::1]]>
    </line>
    <line>
      <![CDATA[Customer-00000006323      Customer-00000006323]]>
    </line>
  </reporter-output>
  <suite started-at="2024-05-29T18:52:57 IST" name="Default suite" finished-at="2024-05-29T18:53:27 IST" duration-ms="30520">
    <groups>
    </groups>
    <test started-at="2024-05-29T18:52:57 IST" name="Default test" finished-at="2024-05-29T18:53:27 IST" duration-ms="30520">
      <class name="driverFactory.AppTest">
        <test-method is-config="true" signature="setUp()[pri:0, instance:driverFactory.AppTest@45752059]" started-at="2024-05-29T18:52:57 IST" name="setUp" finished-at="2024-05-29T18:53:04 IST" duration-ms="7266" status="PASS">
          <reporter-output>
          </reporter-output>
        </test-method> <!-- setUp -->
        <test-method signature="startTest()[pri:0, instance:driverFactory.AppTest@45752059]" started-at="2024-05-29T18:53:04 IST" name="startTest" finished-at="2024-05-29T18:53:25 IST" duration-ms="21276" status="PASS">
          <reporter-output>
            <line>
              <![CDATA[No of rows are::1]]>
            </line>
            <line>
              <![CDATA[Customer-00000006323      Customer-00000006323]]>
            </line>
          </reporter-output>
        </test-method> <!-- startTest -->
        <test-method is-config="true" signature="tearDown()[pri:0, instance:driverFactory.AppTest@45752059]" started-at="2024-05-29T18:53:25 IST" name="tearDown" finished-at="2024-05-29T18:53:27 IST" duration-ms="1851" status="PASS">
          <reporter-output>
          </reporter-output>
        </test-method> <!-- tearDown -->
      </class> <!-- driverFactory.AppTest -->
    </test> <!-- Default test -->
  </suite> <!-- Default suite -->
</testng-results>
